[2024-07-29 14:31:33,413: INFO: test: 4: ===== logger start]
[2024-07-29 14:31:33,413: INFO: test: 6: logger ender]
[2024-07-29 16:32:48,480: INFO: test: 4: 
===== logger start======
]
[2024-07-29 16:32:48,501: INFO: <frozen importlib: 241: pikepdf C++ to Python logger bridge initialized]
[2024-07-29 16:32:50,991: INFO: layout: 59: Reading PDF for file: dataset/attention_all_you_need.pdf ...]
[2024-07-29 16:33:00,139: INFO: tables: 138: Loading the Table agent ...]
[2024-07-29 16:33:00,139: INFO: tables: 67: Loading the table structure model ...]
[2024-07-29 16:33:00,711: INFO: _builder: 187: Loading pretrained weights from Hugging Face hub (timm/resnet18.a1_in1k)]
[2024-07-29 16:33:00,938: INFO: _hub: 180: [timm/resnet18.a1_in1k] Safe alternative available for 'pytorch_model.bin' (as 'model.safetensors'). Loading weights using safetensors.]
[2024-07-29 16:33:01,000: INFO: _builder: 245: Missing keys (fc.weight, fc.bias) discovered while loading pretrained weights. This is expected if model is being adapted.]
[2024-07-29 16:36:10,776: INFO: test: 4: 
===== logger start======
]
[2024-07-29 16:36:10,780: INFO: <frozen importlib: 241: pikepdf C++ to Python logger bridge initialized]
[2024-07-29 16:36:13,067: INFO: layout: 59: Reading PDF for file: dataset/attention_all_you_need.pdf ...]
[2024-07-29 16:36:21,975: INFO: tables: 138: Loading the Table agent ...]
[2024-07-29 16:36:21,976: INFO: tables: 67: Loading the table structure model ...]
[2024-07-29 16:36:22,918: INFO: _builder: 187: Loading pretrained weights from Hugging Face hub (timm/resnet18.a1_in1k)]
[2024-07-29 16:36:23,152: INFO: _hub: 180: [timm/resnet18.a1_in1k] Safe alternative available for 'pytorch_model.bin' (as 'model.safetensors'). Loading weights using safetensors.]
[2024-07-29 16:36:23,164: INFO: _builder: 245: Missing keys (fc.weight, fc.bias) discovered while loading pretrained weights. This is expected if model is being adapted.]
[2024-07-29 16:42:17,004: INFO: test: 4: 
===== logger start======
]
[2024-07-29 16:42:17,007: INFO: <frozen importlib: 241: pikepdf C++ to Python logger bridge initialized]
[2024-07-29 16:42:19,201: INFO: layout: 59: Reading PDF for file: dataset/attention_all_you_need.pdf ...]
[2024-07-29 16:42:27,891: INFO: tables: 138: Loading the Table agent ...]
[2024-07-29 16:42:27,891: INFO: tables: 67: Loading the table structure model ...]
[2024-07-29 16:42:28,376: INFO: _builder: 187: Loading pretrained weights from Hugging Face hub (timm/resnet18.a1_in1k)]
[2024-07-29 16:42:28,609: INFO: _hub: 180: [timm/resnet18.a1_in1k] Safe alternative available for 'pytorch_model.bin' (as 'model.safetensors'). Loading weights using safetensors.]
[2024-07-29 16:42:28,628: INFO: _builder: 245: Missing keys (fc.weight, fc.bias) discovered while loading pretrained weights. This is expected if model is being adapted.]
[2024-07-29 16:43:52,466: INFO: test: 4: 
===== logger start======
]
[2024-07-29 16:43:52,470: INFO: <frozen importlib: 241: pikepdf C++ to Python logger bridge initialized]
[2024-07-29 16:43:55,050: INFO: layout: 59: Reading PDF for file: dataset/attention_all_you_need.pdf ...]
[2024-07-29 16:44:03,912: INFO: tables: 138: Loading the Table agent ...]
[2024-07-29 16:44:03,912: INFO: tables: 67: Loading the table structure model ...]
[2024-07-29 16:44:05,240: INFO: _builder: 187: Loading pretrained weights from Hugging Face hub (timm/resnet18.a1_in1k)]
[2024-07-29 16:44:05,472: INFO: _hub: 180: [timm/resnet18.a1_in1k] Safe alternative available for 'pytorch_model.bin' (as 'model.safetensors'). Loading weights using safetensors.]
[2024-07-29 16:44:05,487: INFO: _builder: 245: Missing keys (fc.weight, fc.bias) discovered while loading pretrained weights. This is expected if model is being adapted.]
[2024-07-29 17:15:24,825: INFO: test: 4: 
===== logger start======
]
[2024-07-29 17:15:24,825: INFO: pdf_2_ppt: 29: ======RAG Function Started======]
[2024-07-29 17:15:24,825: INFO: pdf_2_ppt: 35: ======Extracting Text, Images and Tables from PDF file======]
[2024-07-29 17:15:24,828: INFO: <frozen importlib: 241: pikepdf C++ to Python logger bridge initialized]
[2024-07-29 17:15:26,943: INFO: layout: 59: Reading PDF for file: dataset/attention_all_you_need.pdf ...]
[2024-07-29 17:15:35,767: INFO: tables: 138: Loading the Table agent ...]
[2024-07-29 17:15:35,768: INFO: tables: 67: Loading the table structure model ...]
[2024-07-29 17:15:36,265: INFO: _builder: 187: Loading pretrained weights from Hugging Face hub (timm/resnet18.a1_in1k)]
[2024-07-29 17:15:36,494: INFO: _hub: 180: [timm/resnet18.a1_in1k] Safe alternative available for 'pytorch_model.bin' (as 'model.safetensors'). Loading weights using safetensors.]
[2024-07-29 17:15:36,508: INFO: _builder: 245: Missing keys (fc.weight, fc.bias) discovered while loading pretrained weights. This is expected if model is being adapted.]
[2024-07-29 17:16:12,788: INFO: vectordb: 14: ======Vector-DB Function Started======]
[2024-07-29 17:16:12,788: INFO: vectordb: 18: ======Generating Embeddings======]
[2024-07-29 17:16:12,788: INFO: summary: 19: ======Summary Function Started======]
[2024-07-29 17:16:12,788: INFO: summary: 25: ======Text Summary Started======]
[2024-07-29 17:16:12,788: INFO: modelling: 14: ======Loading Model======]
[2024-07-29 17:16:12,790: INFO: modelling: 24: ======Model Loaded Successfully======]
[2024-07-29 17:16:42,937: INFO: helper: 10: ======Helper Functin Started======]
[2024-07-29 17:16:44,368: INFO: helper: 38: ======Helper Functin Ended======]
[2024-07-29 17:16:44,370: INFO: helper: 10: ======Helper Functin Started======]
[2024-07-29 17:16:45,500: INFO: helper: 38: ======Helper Functin Ended======]
[2024-07-29 17:16:45,501: INFO: summary: 53: ======Image Summary Started======]
[2024-07-29 17:16:45,502: INFO: modelling: 36: ======Loading Image Model======]
[2024-07-29 17:16:48,299: INFO: modelling: 39: ======Image Model Loaded Successfully======]
[2024-07-29 17:16:48,317: INFO: modelling: 36: ======Loading Image Model======]
[2024-07-29 17:16:49,936: INFO: modelling: 39: ======Image Model Loaded Successfully======]
[2024-07-29 17:16:49,951: INFO: summary: 71: ======Table Summary Started======]
[2024-07-29 17:16:49,951: INFO: modelling: 14: ======Loading Model======]
[2024-07-29 17:16:49,951: INFO: modelling: 24: ======Model Loaded Successfully======]
[2024-07-29 17:16:58,809: INFO: helper: 10: ======Helper Functin Started======]
[2024-07-29 17:16:59,383: INFO: helper: 38: ======Helper Functin Ended======]
[2024-07-29 17:16:59,384: INFO: helper: 10: ======Helper Functin Started======]
[2024-07-29 17:16:59,992: INFO: helper: 38: ======Helper Functin Ended======]
[2024-07-29 17:17:00,012: INFO: summary: 133: ======Tables Stored in tables Folder======]
[2024-07-29 17:17:00,013: INFO: modelling: 28: ======Loading Embedding======]
[2024-07-29 17:17:00,013: INFO: modelling: 32: ======Embedding Loaded Successfully======]
[2024-07-29 17:17:00,388: INFO: posthog: 20: Anonymized telemetry enabled. See                     https://docs.trychroma.com/telemetry for more information.]
[2024-07-29 17:17:02,455: INFO: vectordb: 76: ======Embeddings Stored Successfully in Vector-DB======]
[2024-07-29 17:30:26,945: INFO: test: 4: 
===== logger start======
]
[2024-07-29 17:30:26,945: INFO: pdf_2_ppt: 12: ======RAG Function Started======]
[2024-07-29 17:30:26,945: INFO: pdf_2_ppt: 18: ======Extracting Text, Images and Tables from PDF file======]
[2024-07-29 17:30:26,948: INFO: <frozen importlib: 241: pikepdf C++ to Python logger bridge initialized]
[2024-07-29 17:30:29,378: INFO: layout: 59: Reading PDF for file: dataset/attention_all_you_need.pdf ...]
[2024-07-29 17:30:38,628: INFO: tables: 138: Loading the Table agent ...]
[2024-07-29 17:30:38,628: INFO: tables: 67: Loading the table structure model ...]
[2024-07-29 17:30:39,108: INFO: _builder: 187: Loading pretrained weights from Hugging Face hub (timm/resnet18.a1_in1k)]
[2024-07-29 17:30:39,339: INFO: _hub: 180: [timm/resnet18.a1_in1k] Safe alternative available for 'pytorch_model.bin' (as 'model.safetensors'). Loading weights using safetensors.]
[2024-07-29 17:30:39,352: INFO: _builder: 245: Missing keys (fc.weight, fc.bias) discovered while loading pretrained weights. This is expected if model is being adapted.]
[2024-07-29 17:31:15,514: INFO: vectordb: 14: ======Vector-DB Function Started======]
[2024-07-29 17:31:15,514: INFO: vectordb: 18: ======Generating Embeddings======]
[2024-07-29 17:31:15,514: INFO: summary: 19: ======Summary Function Started======]
[2024-07-29 17:31:15,514: INFO: summary: 29: ======Text Summary Started======]
[2024-07-29 17:31:15,514: INFO: modelling: 14: ======Loading Model======]
[2024-07-29 17:31:15,516: INFO: modelling: 20: ======Model Loaded Successfully======]
[2024-07-29 17:31:44,032: INFO: helper: 10: ======Helper Functin Started======]
[2024-07-29 17:31:45,451: INFO: helper: 38: ======Helper Functin Ended======]
[2024-07-29 17:31:45,452: INFO: helper: 10: ======Helper Functin Started======]
[2024-07-29 17:31:46,292: INFO: helper: 38: ======Helper Functin Ended======]
[2024-07-29 17:31:46,293: INFO: summary: 57: ======Image Summary Started======]
[2024-07-29 17:31:46,294: INFO: modelling: 32: ======Loading Image Model======]
[2024-07-29 17:31:48,407: INFO: modelling: 35: ======Image Model Loaded Successfully======]
[2024-07-29 17:31:48,425: INFO: modelling: 32: ======Loading Image Model======]
[2024-07-29 17:31:49,938: INFO: modelling: 35: ======Image Model Loaded Successfully======]
[2024-07-29 17:31:49,960: INFO: summary: 75: ======Table Summary Started======]
[2024-07-29 17:31:49,961: INFO: modelling: 14: ======Loading Model======]
[2024-07-29 17:31:49,961: INFO: modelling: 20: ======Model Loaded Successfully======]
[2024-07-29 17:31:56,828: INFO: helper: 10: ======Helper Functin Started======]
[2024-07-29 17:31:57,378: INFO: helper: 38: ======Helper Functin Ended======]
[2024-07-29 17:31:57,379: INFO: helper: 10: ======Helper Functin Started======]
[2024-07-29 17:31:57,935: INFO: helper: 38: ======Helper Functin Ended======]
[2024-07-29 17:31:57,950: INFO: summary: 137: ======Tables Stored in tables Folder======]
[2024-07-29 17:31:57,951: INFO: modelling: 24: ======Loading Embedding======]
[2024-07-29 17:31:57,951: INFO: modelling: 28: ======Embedding Loaded Successfully======]
[2024-07-29 17:31:58,545: INFO: posthog: 20: Anonymized telemetry enabled. See                     https://docs.trychroma.com/telemetry for more information.]
[2024-07-29 17:32:00,572: INFO: vectordb: 76: ======Embeddings Stored Successfully in Vector-DB======]
[2024-07-29 17:32:00,572: INFO: modelling: 14: ======Loading Model======]
[2024-07-29 17:32:00,573: INFO: modelling: 20: ======Model Loaded Successfully======]
[2024-07-29 17:32:00,656: INFO: pdf_2_ppt: 56: ======Generating PPT Content======]
[2024-07-29 17:32:06,102: INFO: test: 10: logger ender]
[2024-07-29 17:33:24,449: INFO: test: 4: 
===== logger start======
]
[2024-07-29 17:33:24,449: INFO: pdf_2_ppt: 12: ======RAG Function Started======]
[2024-07-29 17:33:24,449: INFO: pdf_2_ppt: 18: ======Extracting Text, Images and Tables from PDF file======]
[2024-07-29 17:33:24,452: INFO: <frozen importlib: 241: pikepdf C++ to Python logger bridge initialized]
[2024-07-29 17:33:26,732: INFO: layout: 59: Reading PDF for file: dataset/attention_all_you_need.pdf ...]
[2024-07-29 17:33:35,850: INFO: tables: 138: Loading the Table agent ...]
[2024-07-29 17:33:35,850: INFO: tables: 67: Loading the table structure model ...]
[2024-07-29 17:33:36,753: INFO: _builder: 187: Loading pretrained weights from Hugging Face hub (timm/resnet18.a1_in1k)]
[2024-07-29 17:33:36,998: INFO: _hub: 180: [timm/resnet18.a1_in1k] Safe alternative available for 'pytorch_model.bin' (as 'model.safetensors'). Loading weights using safetensors.]
[2024-07-29 17:33:37,011: INFO: _builder: 245: Missing keys (fc.weight, fc.bias) discovered while loading pretrained weights. This is expected if model is being adapted.]
[2024-07-29 17:34:13,059: INFO: vectordb: 14: ======Vector-DB Function Started======]
[2024-07-29 17:34:13,059: INFO: vectordb: 18: ======Generating Embeddings======]
[2024-07-29 17:34:13,059: INFO: summary: 19: ======Summary Function Started======]
[2024-07-29 17:34:13,059: INFO: summary: 29: ======Text Summary Started======]
[2024-07-29 17:34:13,059: INFO: modelling: 14: ======Loading Model======]
[2024-07-29 17:34:13,060: INFO: modelling: 20: ======Model Loaded Successfully======]
[2024-07-29 17:34:39,601: INFO: helper: 10: ======Helper Functin Started======]
[2024-07-29 17:34:41,027: INFO: helper: 38: ======Helper Functin Ended======]
[2024-07-29 17:34:41,028: INFO: helper: 10: ======Helper Functin Started======]
[2024-07-29 17:34:41,868: INFO: helper: 38: ======Helper Functin Ended======]
[2024-07-29 17:34:41,869: INFO: summary: 57: ======Image Summary Started======]
[2024-07-29 17:34:41,870: INFO: modelling: 32: ======Loading Image Model======]
[2024-07-29 17:34:43,881: INFO: modelling: 35: ======Image Model Loaded Successfully======]
[2024-07-29 17:34:43,900: INFO: modelling: 32: ======Loading Image Model======]
[2024-07-29 17:34:45,445: INFO: modelling: 35: ======Image Model Loaded Successfully======]
[2024-07-29 17:34:45,465: INFO: summary: 75: ======Table Summary Started======]
[2024-07-29 17:34:45,465: INFO: modelling: 14: ======Loading Model======]
[2024-07-29 17:34:45,466: INFO: modelling: 20: ======Model Loaded Successfully======]
[2024-07-29 17:34:50,960: INFO: helper: 10: ======Helper Functin Started======]
[2024-07-29 17:34:51,479: INFO: helper: 38: ======Helper Functin Ended======]
[2024-07-29 17:34:51,480: INFO: helper: 10: ======Helper Functin Started======]
[2024-07-29 17:34:52,019: INFO: helper: 38: ======Helper Functin Ended======]
[2024-07-29 17:34:52,034: INFO: summary: 137: ======Tables Stored in tables Folder======]
[2024-07-29 17:34:52,035: INFO: modelling: 24: ======Loading Embedding======]
[2024-07-29 17:34:52,035: INFO: modelling: 28: ======Embedding Loaded Successfully======]
[2024-07-29 17:34:52,631: INFO: posthog: 20: Anonymized telemetry enabled. See                     https://docs.trychroma.com/telemetry for more information.]
[2024-07-29 17:34:54,692: INFO: vectordb: 76: ======Embeddings Stored Successfully in Vector-DB======]
[2024-07-29 17:34:54,693: INFO: modelling: 14: ======Loading Model======]
[2024-07-29 17:34:54,693: INFO: modelling: 20: ======Model Loaded Successfully======]
[2024-07-29 17:34:54,774: INFO: pdf_2_ppt: 56: ======Generating PPT Content======]
[2024-07-29 17:35:01,862: INFO: test: 10: logger ender]
[2024-07-30 10:33:59,938: INFO: test: 4: 
===== logger start======
]
[2024-07-30 10:33:59,938: INFO: pdf_2_ppt: 12: ======RAG Function Started======]
[2024-07-30 10:33:59,938: INFO: pdf_2_ppt: 18: ======Extracting Text, Images and Tables from PDF file======]
[2024-07-30 10:33:59,955: INFO: <frozen importlib: 241: pikepdf C++ to Python logger bridge initialized]
[2024-07-30 10:34:01,912: INFO: layout: 59: Reading PDF for file: dataset/attention_all_you_need.pdf ...]
[2024-07-30 10:34:11,137: INFO: tables: 138: Loading the Table agent ...]
[2024-07-30 10:34:11,137: INFO: tables: 67: Loading the table structure model ...]
[2024-07-30 10:34:11,759: INFO: _builder: 187: Loading pretrained weights from Hugging Face hub (timm/resnet18.a1_in1k)]
[2024-07-30 10:34:11,992: INFO: _hub: 180: [timm/resnet18.a1_in1k] Safe alternative available for 'pytorch_model.bin' (as 'model.safetensors'). Loading weights using safetensors.]
[2024-07-30 10:34:12,048: INFO: _builder: 245: Missing keys (fc.weight, fc.bias) discovered while loading pretrained weights. This is expected if model is being adapted.]
[2024-07-30 10:34:49,411: INFO: vectordb: 14: ======Vector-DB Function Started======]
[2024-07-30 10:34:49,412: INFO: vectordb: 18: ======Generating Embeddings======]
[2024-07-30 10:34:49,412: INFO: summary: 19: ======Summary Function Started======]
[2024-07-30 10:34:49,412: INFO: summary: 29: ======Text Summary Started======]
[2024-07-30 10:34:49,412: INFO: modelling: 14: ======Loading Model======]
[2024-07-30 10:34:49,414: INFO: modelling: 20: ======Model Loaded Successfully======]
[2024-07-30 10:35:59,042: INFO: helper: 10: ======Helper Functin Started======]
[2024-07-30 10:36:00,458: INFO: helper: 38: ======Helper Functin Ended======]
[2024-07-30 10:36:00,460: INFO: helper: 10: ======Helper Functin Started======]
[2024-07-30 10:36:01,308: INFO: helper: 38: ======Helper Functin Ended======]
[2024-07-30 10:36:01,310: INFO: summary: 57: ======Image Summary Started======]
[2024-07-30 10:36:01,310: INFO: modelling: 32: ======Loading Image Model======]
[2024-07-30 10:36:04,093: INFO: modelling: 35: ======Image Model Loaded Successfully======]
[2024-07-30 10:36:04,105: INFO: modelling: 32: ======Loading Image Model======]
[2024-07-30 10:36:05,685: INFO: modelling: 35: ======Image Model Loaded Successfully======]
[2024-07-30 10:36:05,699: INFO: summary: 75: ======Table Summary Started======]
[2024-07-30 10:36:05,699: INFO: modelling: 14: ======Loading Model======]
[2024-07-30 10:36:05,699: INFO: modelling: 20: ======Model Loaded Successfully======]
[2024-07-30 10:36:28,175: INFO: helper: 10: ======Helper Functin Started======]
[2024-07-30 10:36:28,738: INFO: helper: 38: ======Helper Functin Ended======]
[2024-07-30 10:36:28,739: INFO: helper: 10: ======Helper Functin Started======]
[2024-07-30 10:36:29,324: INFO: helper: 38: ======Helper Functin Ended======]
[2024-07-30 10:36:29,341: INFO: summary: 137: ======Tables Stored in tables Folder======]
[2024-07-30 10:36:29,342: INFO: modelling: 24: ======Loading Embedding======]
[2024-07-30 10:36:29,342: INFO: modelling: 28: ======Embedding Loaded Successfully======]
[2024-07-30 10:36:30,158: INFO: posthog: 20: Anonymized telemetry enabled. See                     https://docs.trychroma.com/telemetry for more information.]
[2024-07-30 10:36:33,106: INFO: vectordb: 76: ======Embeddings Stored Successfully in Vector-DB======]
[2024-07-30 10:36:33,106: INFO: modelling: 14: ======Loading Model======]
[2024-07-30 10:36:33,107: INFO: modelling: 20: ======Model Loaded Successfully======]
[2024-07-30 10:36:33,210: INFO: pdf_2_ppt: 56: ======Generating PPT Content======]
[2024-07-30 10:36:48,852: INFO: test: 10: logger ender]
[2024-07-31 09:45:21,303: INFO: test: 4: 
===== logger start======
]
[2024-07-31 09:45:21,303: INFO: pdf_2_ppt: 13: ======RAG Function Started======]
[2024-07-31 09:45:21,303: INFO: pdf_2_ppt: 39: ======Extracting Text, Images and Tables from PDF file======]
[2024-07-31 09:45:21,319: INFO: <frozen importlib: 241: pikepdf C++ to Python logger bridge initialized]
[2024-07-31 09:45:23,268: INFO: layout: 59: Reading PDF for file: dataset/attention_all_you_need.pdf ...]
[2024-07-31 09:45:32,481: INFO: tables: 138: Loading the Table agent ...]
[2024-07-31 09:45:32,482: INFO: tables: 67: Loading the table structure model ...]
[2024-07-31 09:45:33,086: INFO: _builder: 187: Loading pretrained weights from Hugging Face hub (timm/resnet18.a1_in1k)]
[2024-07-31 09:45:33,742: INFO: _hub: 180: [timm/resnet18.a1_in1k] Safe alternative available for 'pytorch_model.bin' (as 'model.safetensors'). Loading weights using safetensors.]
[2024-07-31 09:45:33,792: INFO: _builder: 245: Missing keys (fc.weight, fc.bias) discovered while loading pretrained weights. This is expected if model is being adapted.]
[2024-07-31 09:46:11,257: INFO: vectordb: 14: ======Vector-DB Function Started======]
[2024-07-31 09:46:11,258: INFO: vectordb: 18: ======Generating Embeddings======]
[2024-07-31 09:46:11,258: INFO: summary: 19: ======Summary Function Started======]
[2024-07-31 09:46:11,258: INFO: summary: 29: ======Text Summary Started======]
[2024-07-31 09:46:11,258: INFO: modelling: 14: ======Loading Model======]
[2024-07-31 09:46:11,259: INFO: modelling: 20: ======Model Loaded Successfully======]
[2024-07-31 09:47:23,394: INFO: helper: 10: ======Helper Functin Started======]
[2024-07-31 09:47:24,822: INFO: helper: 38: ======Helper Functin Ended======]
[2024-07-31 09:47:24,824: INFO: helper: 10: ======Helper Functin Started======]
[2024-07-31 09:47:25,698: INFO: helper: 38: ======Helper Functin Ended======]
[2024-07-31 09:47:25,699: INFO: summary: 57: ======Image Summary Started======]
[2024-07-31 09:47:25,700: INFO: modelling: 32: ======Loading Image Model======]
[2024-07-31 09:47:28,851: INFO: modelling: 35: ======Image Model Loaded Successfully======]
[2024-07-31 09:47:28,863: INFO: modelling: 32: ======Loading Image Model======]
[2024-07-31 09:47:30,379: INFO: modelling: 35: ======Image Model Loaded Successfully======]
[2024-07-31 09:47:30,390: INFO: summary: 75: ======Table Summary Started======]
[2024-07-31 09:47:30,391: INFO: modelling: 14: ======Loading Model======]
[2024-07-31 09:47:30,391: INFO: modelling: 20: ======Model Loaded Successfully======]
[2024-07-31 09:47:54,975: INFO: helper: 10: ======Helper Functin Started======]
[2024-07-31 09:47:55,545: INFO: helper: 38: ======Helper Functin Ended======]
[2024-07-31 09:47:55,546: INFO: helper: 10: ======Helper Functin Started======]
[2024-07-31 09:47:56,144: INFO: helper: 38: ======Helper Functin Ended======]
[2024-07-31 09:47:56,160: INFO: summary: 137: ======Tables Stored in tables Folder======]
[2024-07-31 09:47:56,160: INFO: modelling: 24: ======Loading Embedding======]
[2024-07-31 09:47:56,160: INFO: modelling: 28: ======Embedding Loaded Successfully======]
[2024-07-31 09:47:56,841: INFO: posthog: 20: Anonymized telemetry enabled. See                     https://docs.trychroma.com/telemetry for more information.]
[2024-07-31 09:47:59,758: INFO: vectordb: 76: ======Embeddings Stored Successfully in Vector-DB======]
[2024-07-31 09:47:59,759: INFO: modelling: 14: ======Loading Model======]
[2024-07-31 09:47:59,759: INFO: modelling: 20: ======Model Loaded Successfully======]
[2024-07-31 09:47:59,859: INFO: pdf_2_ppt: 77: ======Generating PPT Content======]
[2024-07-31 09:48:17,446: INFO: test: 10: logger ender]
[2024-07-31 10:06:44,923: INFO: pdf_2_ppt: 13: ======RAG Function Started======]
[2024-07-31 10:07:06,434: INFO: pdf_2_ppt: 13: ======RAG Function Started======]
[2024-07-31 10:08:29,031: INFO: pdf_2_ppt: 13: ======RAG Function Started======]
[2024-07-31 10:08:37,087: INFO: pdf_2_ppt: 13: ======RAG Function Started======]
[2024-07-31 10:08:55,661: INFO: pdf_2_ppt: 13: ======RAG Function Started======]
[2024-07-31 10:10:06,712: INFO: pdf_2_ppt: 13: ======RAG Function Started======]
[2024-07-31 10:10:21,087: INFO: pdf_2_ppt: 13: ======RAG Function Started======]
[2024-07-31 10:10:21,090: INFO: pdf_2_ppt: 39: ======Extracting Text, Images and Tables from PDF file======]
[2024-07-31 10:10:21,105: INFO: <frozen importlib: 241: pikepdf C++ to Python logger bridge initialized]
[2024-07-31 10:10:23,410: INFO: layout: 59: Reading PDF for file: dataset/attention_all_you_need.pdf ...]
[2024-07-31 10:10:32,697: INFO: tables: 138: Loading the Table agent ...]
[2024-07-31 10:10:32,698: INFO: tables: 67: Loading the table structure model ...]
[2024-07-31 10:10:33,595: INFO: _builder: 187: Loading pretrained weights from Hugging Face hub (timm/resnet18.a1_in1k)]
[2024-07-31 10:10:33,827: INFO: _hub: 180: [timm/resnet18.a1_in1k] Safe alternative available for 'pytorch_model.bin' (as 'model.safetensors'). Loading weights using safetensors.]
[2024-07-31 10:10:33,847: INFO: _builder: 245: Missing keys (fc.weight, fc.bias) discovered while loading pretrained weights. This is expected if model is being adapted.]
[2024-07-31 10:11:10,625: INFO: vectordb: 14: ======Vector-DB Function Started======]
[2024-07-31 10:11:10,629: INFO: vectordb: 18: ======Generating Embeddings======]
[2024-07-31 10:11:10,630: INFO: summary: 19: ======Summary Function Started======]
[2024-07-31 10:11:10,630: INFO: summary: 29: ======Text Summary Started======]
[2024-07-31 10:11:10,631: INFO: modelling: 14: ======Loading Model======]
[2024-07-31 10:11:10,635: INFO: modelling: 20: ======Model Loaded Successfully======]
[2024-07-31 10:12:18,050: INFO: helper: 10: ======Helper Functin Started======]
[2024-07-31 10:12:19,452: INFO: helper: 38: ======Helper Functin Ended======]
[2024-07-31 10:12:19,456: INFO: helper: 10: ======Helper Functin Started======]
[2024-07-31 10:12:20,324: INFO: helper: 38: ======Helper Functin Ended======]
[2024-07-31 10:12:20,327: INFO: summary: 57: ======Image Summary Started======]
[2024-07-31 10:12:20,330: INFO: modelling: 32: ======Loading Image Model======]
[2024-07-31 10:12:22,469: INFO: modelling: 35: ======Image Model Loaded Successfully======]
[2024-07-31 10:12:22,485: INFO: modelling: 32: ======Loading Image Model======]
[2024-07-31 10:12:24,460: INFO: modelling: 35: ======Image Model Loaded Successfully======]
[2024-07-31 10:12:24,472: INFO: summary: 75: ======Table Summary Started======]
[2024-07-31 10:12:24,472: INFO: modelling: 14: ======Loading Model======]
[2024-07-31 10:12:24,473: INFO: modelling: 20: ======Model Loaded Successfully======]
[2024-07-31 10:12:44,854: INFO: helper: 10: ======Helper Functin Started======]
[2024-07-31 10:12:45,412: INFO: helper: 38: ======Helper Functin Ended======]
[2024-07-31 10:12:45,415: INFO: helper: 10: ======Helper Functin Started======]
[2024-07-31 10:12:46,009: INFO: helper: 38: ======Helper Functin Ended======]
[2024-07-31 10:12:46,028: INFO: summary: 137: ======Tables Stored in tables Folder======]
[2024-07-31 10:12:46,030: INFO: modelling: 24: ======Loading Embedding======]
[2024-07-31 10:12:46,030: INFO: modelling: 28: ======Embedding Loaded Successfully======]
[2024-07-31 10:12:46,321: INFO: posthog: 20: Anonymized telemetry enabled. See                     https://docs.trychroma.com/telemetry for more information.]
[2024-07-31 10:12:49,118: INFO: vectordb: 76: ======Embeddings Stored Successfully in Vector-DB======]
[2024-07-31 10:12:49,121: INFO: modelling: 14: ======Loading Model======]
[2024-07-31 10:12:49,123: INFO: modelling: 20: ======Model Loaded Successfully======]
[2024-07-31 10:12:49,234: INFO: pdf_2_ppt: 78: ======Generating PPT Content======]
